#
# There is insufficient memory for the Java Runtime Environment to continue.
# Native memory allocation (malloc) failed to allocate 32744 bytes for ChunkPool::allocate
# Possible reasons:
#   The system is out of physical RAM or swap space
#   The process is running with CompressedOops enabled, and the Java Heap may be blocking the growth of the native heap
# Possible solutions:
#   Reduce memory load on the system
#   Increase physical memory or swap space
#   Check if swap backing store is full
#   Decrease Java heap size (-Xmx/-Xms)
#   Decrease number of Java threads
#   Decrease Java thread stack sizes (-Xss)
#   Set larger code cache with -XX:ReservedCodeCacheSize=
#   JVM is running with Unscaled Compressed Oops mode in which the Java heap is
#     placed in the first 4GB address space. The Java Heap base address is the
#     maximum limit for the native heap growth. Please use -XX:HeapBaseMinAddress
#     to set the Java Heap base and to place the Java Heap above 4GB virtual address.
# This output file may be truncated or incomplete.
#
#  Out of Memory Error (allocation.cpp:272), pid=23816, tid=0x0000000000005ed0
#
# JRE version: Java(TM) SE Runtime Environment (8.0_261-b12) (build 1.8.0_261-b12)
# Java VM: Java HotSpot(TM) 64-Bit Server VM (25.261-b12 mixed mode windows-amd64 compressed oops)
# Failed to write core dump. Minidumps are not enabled by default on client versions of Windows
#

---------------  T H R E A D  ---------------

Current thread (0x000002992248c000):  JavaThread "C2 CompilerThread0" daemon [_thread_in_native, id=24272, stack(0x000000e97fc00000,0x000000e97fd00000)]

Stack: [0x000000e97fc00000,0x000000e97fd00000]
Native frames: (J=compiled Java code, j=interpreted, Vv=VM code, C=native code)
V  [jvm.dll+0x33e5f9]


Current CompileTask:
C2:   6928 1478   !   4       org.openqa.selenium.json.Input::init (71 bytes)


---------------  P R O C E S S  ---------------

Java Threads: ( => current thread )
  0x0000029924d32800 JavaThread "AsyncHttpClient-3-1" [_thread_in_native, id=22660, stack(0x000000e900b00000,0x000000e900c00000)]
  0x0000029925408000 JavaThread "Exec Stream Pumper" daemon [_thread_in_native, id=17172, stack(0x000000e900900000,0x000000e900a00000)]
  0x0000029925407000 JavaThread "Exec Stream Pumper" daemon [_thread_in_native, id=18652, stack(0x000000e900800000,0x000000e900900000)]
  0x0000029925472000 JavaThread "UrlChecker-2" daemon [_thread_blocked, id=25508, stack(0x000000e900600000,0x000000e900700000)]
  0x000002992541a000 JavaThread "ForkJoinPool.commonPool-worker-2" daemon [_thread_blocked, id=10732, stack(0x000000e900500000,0x000000e900600000)]
  0x000002992541d000 JavaThread "Exec Default Executor" daemon [_thread_in_native, id=5460, stack(0x000000e900400000,0x000000e900500000)]
  0x0000029924fb9800 JavaThread "AsyncHttpClient-timer-1-1" [_thread_blocked, id=25368, stack(0x000000e900300000,0x000000e900400000)]
  0x000002992502d000 JavaThread "ForkJoinPool.commonPool-worker-1" daemon [_thread_blocked, id=19292, stack(0x000000e900200000,0x000000e900300000)]
  0x0000029924338800 JavaThread "Service Thread" daemon [_thread_blocked, id=21696, stack(0x000000e900000000,0x000000e900100000)]
  0x00000299224ac000 JavaThread "C1 CompilerThread3" daemon [_thread_blocked, id=6116, stack(0x000000e97ff00000,0x000000e980000000)]
  0x0000029922498800 JavaThread "C2 CompilerThread2" daemon [_thread_blocked, id=24548, stack(0x000000e97fe00000,0x000000e97ff00000)]
  0x000002992248e000 JavaThread "C2 CompilerThread1" daemon [_thread_blocked, id=2736, stack(0x000000e97fd00000,0x000000e97fe00000)]
=>0x000002992248c000 JavaThread "C2 CompilerThread0" daemon [_thread_in_native, id=24272, stack(0x000000e97fc00000,0x000000e97fd00000)]
  0x0000029922486800 JavaThread "Attach Listener" daemon [_thread_blocked, id=8716, stack(0x000000e97fb00000,0x000000e97fc00000)]
  0x0000029922485800 JavaThread "Signal Dispatcher" daemon [_thread_blocked, id=8912, stack(0x000000e97fa00000,0x000000e97fb00000)]
  0x000002992246b800 JavaThread "Finalizer" daemon [_thread_blocked, id=25236, stack(0x000000e97f900000,0x000000e97fa00000)]
  0x0000029922464800 JavaThread "Reference Handler" daemon [_thread_blocked, id=4828, stack(0x000000e97f800000,0x000000e97f900000)]
  0x000002990c270800 JavaThread "Forwarding newSession on session null to remote" [_thread_blocked, id=23076, stack(0x000000e97ee00000,0x000000e97ef00000)]

Other Threads:
  0x000002992243c800 VMThread [stack: 0x000000e97f700000,0x000000e97f800000] [id=23908]
  0x0000029924371800 WatcherThread [stack: 0x000000e900100000,0x000000e900200000] [id=17096]

VM state:at safepoint (normal execution)

VM Mutex/Monitor currently owned by a thread:  ([mutex/lock_event])
[0x000002990c26d960] Threads_lock - owner thread: 0x000002992243c800
[0x000002990c270370] Heap_lock - owner thread: 0x000002990c270800

heap address: 0x0000000081c00000, size: 2020 MB, Compressed Oops mode: 32-bit
Narrow klass base: 0x0000000000000000, Narrow klass shift: 3
Compressed class space size: 1073741824 Address: 0x0000000100000000

Heap:
 PSYoungGen      total 38400K, used 38384K [0x00000000d5f00000, 0x00000000d8980000, 0x0000000100000000)
  eden space 33280K, 100% used [0x00000000d5f00000,0x00000000d7f80000,0x00000000d7f80000)
  from space 5120K, 99% used [0x00000000d8480000,0x00000000d897c060,0x00000000d8980000)
  to   space 5120K, 99% used [0x00000000d7f80000,0x00000000d847c060,0x00000000d8480000)
 ParOldGen       total 87552K, used 21278K [0x0000000081c00000, 0x0000000087180000, 0x00000000d5f00000)
  object space 87552K, 24% used [0x0000000081c00000,0x00000000830c78b8,0x0000000087180000)
 Metaspace       used 19798K, capacity 20574K, committed 20864K, reserved 1067008K
  class space    used 2428K, capacity 2641K, committed 2688K, reserved 1048576K

Card table byte_map: [0x000002991d010000,0x000002991d410000] byte_map_base: 0x000002991cc02000

Marking Bits: (ParMarkBitMap*) 0x0000000070944fb0
 Begin Bits: [0x000002991d6c0000, 0x000002991f650000)
 End Bits:   [0x000002991f650000, 0x00000299215e0000)

Polling page: 0x000002990c470000

CodeCache: size=245760Kb used=5011Kb max_used=5011Kb free=240748Kb
 bounds [0x000002990dc50000, 0x000002990e140000, 0x000002991cc50000]
 total_blobs=1941 nmethods=1483 adapters=370
 compilation: enabled

Compilation events (10 events):
Event: 6.919 Thread 0x00000299224ac000 nmethod 1481 0x000002990e1306d0 code [0x000002990e1308a0, 0x000002990e1311d0]
Event: 6.919 Thread 0x00000299224ac000 1483       3       java.io.StringReader::ensureOpen (18 bytes)
Event: 6.920 Thread 0x00000299224ac000 nmethod 1483 0x000002990e132f90 code [0x000002990e133100, 0x000002990e133350]
Event: 6.920 Thread 0x00000299224ac000 1480       3       java.util.stream.PipelineHelper::<init> (5 bytes)
Event: 6.920 Thread 0x00000299224ac000 nmethod 1480 0x000002990e130310 code [0x000002990e130460, 0x000002990e130618]
Event: 6.920 Thread 0x00000299224ac000 1482       1       java.util.stream.AbstractPipeline::getStreamAndOpFlags (5 bytes)
Event: 6.920 Thread 0x00000299224ac000 nmethod 1482 0x000002990e133410 code [0x000002990e133560, 0x000002990e133678]
Event: 6.921 Thread 0x00000299224ac000 1484       3       java.math.BigInteger::<init> (77 bytes)
Event: 6.921 Thread 0x0000029922498800 1485       4       org.openqa.selenium.json.Input::peek (9 bytes)
Event: 6.921 Thread 0x00000299224ac000 nmethod 1484 0x000002990e135b10 code [0x000002990e135c80, 0x000002990e1360b8]

GC Heap History (4 events):
Event: 0.934 GC heap before
{Heap before GC invocations=1 (full 0):
 PSYoungGen      total 38400K, used 33280K [0x00000000d5f00000, 0x00000000d8980000, 0x0000000100000000)
  eden space 33280K, 100% used [0x00000000d5f00000,0x00000000d7f80000,0x00000000d7f80000)
  from space 5120K, 0% used [0x00000000d8480000,0x00000000d8480000,0x00000000d8980000)
  to   space 5120K, 0% used [0x00000000d7f80000,0x00000000d7f80000,0x00000000d8480000)
 ParOldGen       total 87552K, used 0K [0x0000000081c00000, 0x0000000087180000, 0x00000000d5f00000)
  object space 87552K, 0% used [0x0000000081c00000,0x0000000081c00000,0x0000000087180000)
 Metaspace       used 11333K, capacity 11510K, committed 11648K, reserved 1058816K
  class space    used 1212K, capacity 1299K, committed 1408K, reserved 1048576K
Event: 0.939 GC heap after
Heap after GC invocations=1 (full 0):
 PSYoungGen      total 38400K, used 5102K [0x00000000d5f00000, 0x00000000d8980000, 0x0000000100000000)
  eden space 33280K, 0% used [0x00000000d5f00000,0x00000000d5f00000,0x00000000d7f80000)
  from space 5120K, 99% used [0x00000000d7f80000,0x00000000d847bb18,0x00000000d8480000)
  to   space 5120K, 0% used [0x00000000d8480000,0x00000000d8480000,0x00000000d8980000)
 ParOldGen       total 87552K, used 1301K [0x0000000081c00000, 0x0000000087180000, 0x00000000d5f00000)
  object space 87552K, 1% used [0x0000000081c00000,0x0000000081d45668,0x0000000087180000)
 Metaspace       used 11333K, capacity 11510K, committed 11648K, reserved 1058816K
  class space    used 1212K, capacity 1299K, committed 1408K, reserved 1048576K
}
Event: 2.006 GC heap before
{Heap before GC invocations=2 (full 0):
 PSYoungGen      total 38400K, used 38382K [0x00000000d5f00000, 0x00000000d8980000, 0x0000000100000000)
  eden space 33280K, 100% used [0x00000000d5f00000,0x00000000d7f80000,0x00000000d7f80000)
  from space 5120K, 99% used [0x00000000d7f80000,0x00000000d847bb18,0x00000000d8480000)
  to   space 5120K, 0% used [0x00000000d8480000,0x00000000d8480000,0x00000000d8980000)
 ParOldGen       total 87552K, used 1301K [0x0000000081c00000, 0x0000000087180000, 0x00000000d5f00000)
  object space 87552K, 1% used [0x0000000081c00000,0x0000000081d45668,0x0000000087180000)
 Metaspace       used 17407K, capacity 18170K, committed 18432K, reserved 1064960K
  class space    used 2081K, capacity 2297K, committed 2304K, reserved 1048576K
Event: 2.012 GC heap after
Heap after GC invocations=2 (full 0):
 PSYoungGen      total 38400K, used 5104K [0x00000000d5f00000, 0x00000000d8980000, 0x0000000100000000)
  eden space 33280K, 0% used [0x00000000d5f00000,0x00000000d5f00000,0x00000000d7f80000)
  from space 5120K, 99% used [0x00000000d8480000,0x00000000d897c060,0x00000000d8980000)
  to   space 5120K, 0% used [0x00000000d7f80000,0x00000000d7f80000,0x00000000d8480000)
 ParOldGen       total 87552K, used 4358K [0x0000000081c00000, 0x0000000087180000, 0x00000000d5f00000)
  object space 87552K, 4% used [0x0000000081c00000,0x00000000820418a8,0x0000000087180000)
 Metaspace       used 17407K, capacity 18170K, committed 18432K, reserved 1064960K
  class space    used 2081K, capacity 2297K, committed 2304K, reserved 1048576K
}

Deoptimization events (10 events):
Event: 1.840 Thread 0x0000029925472000 Uncommon trap: reason=unstable_if action=reinterpret pc=0x000002990df08994 method=java.lang.CharacterDataLatin1.digit(II)I @ 82
Event: 1.967 Thread 0x000002990c270800 Uncommon trap: reason=class_check action=maybe_recompile pc=0x000002990e027cc4 method=java.util.regex.Matcher.search(I)Z @ 86
Event: 1.967 Thread 0x000002990c270800 Uncommon trap: reason=class_check action=maybe_recompile pc=0x000002990df4d7e4 method=java.util.regex.Pattern$Curly.match(Ljava/util/regex/Matcher;ILjava/lang/CharSequence;)Z @ 19
Event: 1.967 Thread 0x000002990c270800 Uncommon trap: reason=class_check action=maybe_recompile pc=0x000002990e027cc4 method=java.util.regex.Matcher.search(I)Z @ 86
Event: 1.967 Thread 0x000002990c270800 Uncommon trap: reason=class_check action=maybe_recompile pc=0x000002990e027cc4 method=java.util.regex.Matcher.search(I)Z @ 86
Event: 1.967 Thread 0x000002990c270800 Uncommon trap: reason=class_check action=maybe_recompile pc=0x000002990e027cc4 method=java.util.regex.Matcher.search(I)Z @ 86
Event: 1.967 Thread 0x000002990c270800 Uncommon trap: reason=class_check action=maybe_recompile pc=0x000002990df4d7e4 method=java.util.regex.Pattern$Curly.match(Ljava/util/regex/Matcher;ILjava/lang/CharSequence;)Z @ 19
Event: 1.976 Thread 0x000002990c270800 Uncommon trap: reason=class_check action=maybe_recompile pc=0x000002990df4d7e4 method=java.util.regex.Pattern$Curly.match(Ljava/util/regex/Matcher;ILjava/lang/CharSequence;)Z @ 19
Event: 1.976 Thread 0x000002990c270800 Uncommon trap: reason=class_check action=maybe_recompile pc=0x000002990df4d7e4 method=java.util.regex.Pattern$Curly.match(Ljava/util/regex/Matcher;ILjava/lang/CharSequence;)Z @ 19
Event: 2.020 Thread 0x000002990c270800 Uncommon trap: reason=unstable_if action=reinterpret pc=0x000002990e0842e8 method=java.util.regex.Pattern$BmpCharProperty.match(Ljava/util/regex/Matcher;ILjava/lang/CharSequence;)Z @ 34

Classes redefined (0 events):
No events

Internal exceptions (10 events):
Event: 1.880 Thread 0x000002990c270800 Exception <a 'java/lang/ArrayIndexOutOfBoundsException'> (0x00000000d74e64a0) thrown at [C:\jenkins\workspace\8-2-build-windows-amd64-cygwin\jdk8u261\295\hotspot\src\share\vm\runtime\sharedRuntime.cpp, line 605]
Event: 1.880 Thread 0x000002990c270800 Exception <a 'java/lang/ArrayIndexOutOfBoundsException'> (0x00000000d74e7120) thrown at [C:\jenkins\workspace\8-2-build-windows-amd64-cygwin\jdk8u261\295\hotspot\src\share\vm\runtime\sharedRuntime.cpp, line 605]
Event: 1.881 Thread 0x000002990c270800 Exception <a 'java/lang/ArrayIndexOutOfBoundsException'> (0x00000000d74ec5b0) thrown at [C:\jenkins\workspace\8-2-build-windows-amd64-cygwin\jdk8u261\295\hotspot\src\share\vm\runtime\sharedRuntime.cpp, line 605]
Event: 1.881 Thread 0x000002990c270800 Exception <a 'java/lang/ArrayIndexOutOfBoundsException'> (0x00000000d74f1380) thrown at [C:\jenkins\workspace\8-2-build-windows-amd64-cygwin\jdk8u261\295\hotspot\src\share\vm\runtime\sharedRuntime.cpp, line 605]
Event: 1.883 Thread 0x000002990c270800 Exception <a 'java/lang/NoSuchMethodError': java.lang.Object.lambda$andThen$1(Ljava/util/function/Function;Ljava/lang/Object;)Ljava/lang/Object;> (0x00000000d7506ad8) thrown at [C:\jenkins\workspace\8-2-build-windows-amd64-cygwin\jdk8u261\295\hotspot\src\
Event: 1.912 Thread 0x000002990c270800 Exception <a 'java/lang/NoSuchMethodError': java.lang.Object.lambda$chars$0()Ljava/util/Spliterator$OfInt;> (0x00000000d76dc550) thrown at [C:\jenkins\workspace\8-2-build-windows-amd64-cygwin\jdk8u261\295\hotspot\src\share\vm\interpreter\linkResolver.cpp,
Event: 2.410 Thread 0x0000029924d32800 Exception <a 'java/lang/ArrayIndexOutOfBoundsException'> (0x00000000d6ae5558) thrown at [C:\jenkins\workspace\8-2-build-windows-amd64-cygwin\jdk8u261\295\hotspot\src\share\vm\runtime\sharedRuntime.cpp, line 605]
Event: 2.410 Thread 0x0000029924d32800 Exception <a 'java/lang/ArrayIndexOutOfBoundsException'> (0x00000000d6ae6d80) thrown at [C:\jenkins\workspace\8-2-build-windows-amd64-cygwin\jdk8u261\295\hotspot\src\share\vm\runtime\sharedRuntime.cpp, line 605]
Event: 2.410 Thread 0x0000029924d32800 Exception <a 'java/lang/ArrayIndexOutOfBoundsException'> (0x00000000d6aea4d8) thrown at [C:\jenkins\workspace\8-2-build-windows-amd64-cygwin\jdk8u261\295\hotspot\src\share\vm\runtime\sharedRuntime.cpp, line 605]
Event: 2.411 Thread 0x0000029924d32800 Exception <a 'java/lang/ArrayIndexOutOfBoundsException'> (0x00000000d6aeb650) thrown at [C:\jenkins\workspace\8-2-build-windows-amd64-cygwin\jdk8u261\295\hotspot\src\share\vm\runtime\sharedRuntime.cpp, line 605]

Events (10 events):
Event: 6.920 loading class org/openqa/selenium/json/NumberCoercer$1
Event: 6.920 loading class org/openqa/selenium/json/NumberCoercer$1 done
Event: 6.920 loading class java/math/BigDecimal$1
Event: 6.921 loading class java/math/BigDecimal$1 done
Event: 6.921 loading class java/math/MathContext
Event: 6.921 loading class java/math/MathContext done
Event: 6.921 loading class org/openqa/selenium/remote/InitialHandshakeResponse
Event: 6.921 loading class org/openqa/selenium/remote/InitialHandshakeResponse done
Event: 6.921 loading class org/openqa/selenium/remote/W3CHandshakeResponse
Event: 6.921 loading class org/openqa/selenium/remote/W3CHandshakeResponse done


Dynamic libraries:
0x00007ff71ed10000 - 0x00007ff71ed57000 	C:\Program Files\Java\jdk1.8.0_261\bin\javaw.exe
0x00007fff75220000 - 0x00007fff75410000 	C:\WINDOWS\SYSTEM32\ntdll.dll
0x00007fff35490000 - 0x00007fff354a2000 	C:\Program Files\Avast Software\Avast\aswhook.dll
0x00007fff73930000 - 0x00007fff739e2000 	C:\WINDOWS\System32\KERNEL32.DLL
0x00007fff721d0000 - 0x00007fff72475000 	C:\WINDOWS\System32\KERNELBASE.dll
0x00007fff74240000 - 0x00007fff742e3000 	C:\WINDOWS\System32\ADVAPI32.dll
0x00007fff733a0000 - 0x00007fff7343e000 	C:\WINDOWS\System32\msvcrt.dll
0x00007fff73300000 - 0x00007fff73397000 	C:\WINDOWS\System32\sechost.dll
0x00007fff740b0000 - 0x00007fff741d0000 	C:\WINDOWS\System32\RPCRT4.dll
0x00007fff73550000 - 0x00007fff736e5000 	C:\WINDOWS\System32\USER32.dll
0x00007fff72480000 - 0x00007fff724a1000 	C:\WINDOWS\System32\win32u.dll
0x00007fff73440000 - 0x00007fff73466000 	C:\WINDOWS\System32\GDI32.dll
0x00007fff72c30000 - 0x00007fff72dc6000 	C:\WINDOWS\System32\gdi32full.dll
0x00007fff72fd0000 - 0x00007fff7306e000 	C:\WINDOWS\System32\msvcp_win.dll
0x00007fff731d0000 - 0x00007fff732ca000 	C:\WINDOWS\System32\ucrtbase.dll
0x00007fff54470000 - 0x00007fff546f4000 	C:\WINDOWS\WinSxS\amd64_microsoft.windows.common-controls_6595b64144ccf1df_6.0.18362.1082_none_9e8193e1e45b25c1\COMCTL32.dll
0x00007fff739f0000 - 0x00007fff73d25000 	C:\WINDOWS\System32\combase.dll
0x00007fff73070000 - 0x00007fff730f0000 	C:\WINDOWS\System32\bcryptPrimitives.dll
0x00007fff732d0000 - 0x00007fff732fe000 	C:\WINDOWS\System32\IMM32.DLL
0x00007fff5aea0000 - 0x00007fff5aeb5000 	C:\Program Files\Java\jdk1.8.0_261\jre\bin\vcruntime140.dll
0x00007fff00530000 - 0x00007fff005cb000 	C:\Program Files\Java\jdk1.8.0_261\jre\bin\msvcp140.dll
0x0000000070150000 - 0x00000000709bc000 	C:\Program Files\Java\jdk1.8.0_261\jre\bin\server\jvm.dll
0x00007fff73470000 - 0x00007fff73478000 	C:\WINDOWS\System32\PSAPI.DLL
0x00007fff5fc50000 - 0x00007fff5fc59000 	C:\WINDOWS\SYSTEM32\WSOCK32.dll
0x00007fff749e0000 - 0x00007fff74a4f000 	C:\WINDOWS\System32\WS2_32.dll
0x00007fff6c7e0000 - 0x00007fff6c804000 	C:\WINDOWS\SYSTEM32\WINMM.dll
0x00007fff678c0000 - 0x00007fff678ca000 	C:\WINDOWS\SYSTEM32\VERSION.dll
0x00007fff6c7b0000 - 0x00007fff6c7dd000 	C:\WINDOWS\SYSTEM32\WINMMBASE.dll
0x00007fff73180000 - 0x00007fff731ca000 	C:\WINDOWS\System32\cfgmgr32.dll
0x00007fff720f0000 - 0x00007fff72101000 	C:\WINDOWS\System32\kernel.appcore.dll
0x00007fff5b840000 - 0x00007fff5b850000 	C:\Program Files\Java\jdk1.8.0_261\jre\bin\verify.dll
0x00007fff458a0000 - 0x00007fff458cb000 	C:\Program Files\Java\jdk1.8.0_261\jre\bin\java.dll
0x00007fff42f90000 - 0x00007fff42fa8000 	C:\Program Files\Java\jdk1.8.0_261\jre\bin\zip.dll
0x00007fff742f0000 - 0x00007fff749d7000 	C:\WINDOWS\System32\SHELL32.dll
0x00007fff75130000 - 0x00007fff751d9000 	C:\WINDOWS\System32\shcore.dll
0x00007fff724b0000 - 0x00007fff72c30000 	C:\WINDOWS\System32\windows.storage.dll
0x00007fff72180000 - 0x00007fff721a3000 	C:\WINDOWS\System32\profapi.dll
0x00007fff72130000 - 0x00007fff7217a000 	C:\WINDOWS\System32\powrprof.dll
0x00007fff720e0000 - 0x00007fff720f0000 	C:\WINDOWS\System32\UMPDC.dll
0x00007fff74c60000 - 0x00007fff74cb2000 	C:\WINDOWS\System32\shlwapi.dll
0x00007fff721b0000 - 0x00007fff721c7000 	C:\WINDOWS\System32\cryptsp.dll
0x00007fff42f70000 - 0x00007fff42f8c000 	C:\Program Files\Java\jdk1.8.0_261\jre\bin\net.dll
0x00007fff71930000 - 0x00007fff71997000 	C:\WINDOWS\system32\mswsock.dll
0x00007fff71630000 - 0x00007fff716fb000 	C:\WINDOWS\SYSTEM32\DNSAPI.dll
0x00007fff736f0000 - 0x00007fff736f8000 	C:\WINDOWS\System32\NSI.dll
0x00007fff715e0000 - 0x00007fff7161a000 	C:\WINDOWS\SYSTEM32\IPHLPAPI.DLL
0x00007fff649c0000 - 0x00007fff649ca000 	C:\Windows\System32\rasadhlp.dll
0x00007fff65810000 - 0x00007fff65887000 	C:\WINDOWS\System32\fwpuclnt.dll
0x00007fff73150000 - 0x00007fff73176000 	C:\WINDOWS\System32\bcrypt.dll
0x00007fff42d10000 - 0x00007fff42d34000 	C:\Program Files\Java\jdk1.8.0_261\jre\bin\sunec.dll
0x00007fff64940000 - 0x00007fff64956000 	C:\WINDOWS\SYSTEM32\dhcpcsvc6.DLL
0x00007fff66c40000 - 0x00007fff66c5c000 	C:\WINDOWS\SYSTEM32\dhcpcsvc.DLL
0x00007fff42f50000 - 0x00007fff42f63000 	C:\Program Files\Java\jdk1.8.0_261\jre\bin\nio.dll
0x00007fff71440000 - 0x00007fff71473000 	C:\WINDOWS\system32\rsaenh.dll
0x00007fff72000000 - 0x00007fff72025000 	C:\WINDOWS\SYSTEM32\USERENV.dll
0x00007fff71b00000 - 0x00007fff71b0c000 	C:\WINDOWS\SYSTEM32\CRYPTBASE.dll
0x00007fff5b7e0000 - 0x00007fff5b7ed000 	C:\Program Files\Java\jdk1.8.0_261\jre\bin\management.dll
0x00007fff5c430000 - 0x00007fff5c446000 	C:\WINDOWS\system32\napinsp.dll
0x00007fff5c410000 - 0x00007fff5c42a000 	C:\WINDOWS\system32\pnrpnsp.dll
0x00007fff5c3f0000 - 0x00007fff5c405000 	C:\WINDOWS\system32\wshbth.dll
0x00007fff6b150000 - 0x00007fff6b16c000 	C:\WINDOWS\system32\NLAapi.dll
0x00007fff5c0b0000 - 0x00007fff5c0be000 	C:\WINDOWS\System32\winrnr.dll

VM Arguments:
jvm_args: -Dfile.encoding=Cp1252 
java_command: HW_1_Register.InvalidAttempt
java_class_path (initial): F:\SQA\Automation\Demo\bin;F:\SQA\Tools\selenium-java-4.0.0-alpha-6\selenium-api-4.0.0-alpha-6.jar;F:\SQA\Tools\selenium-java-4.0.0-alpha-6\selenium-api-4.0.0-alpha-6-sources.jar;F:\SQA\Tools\selenium-java-4.0.0-alpha-6\selenium-chrome-driver-4.0.0-alpha-6.jar;F:\SQA\Tools\selenium-java-4.0.0-alpha-6\selenium-chrome-driver-4.0.0-alpha-6-sources.jar;F:\SQA\Tools\selenium-java-4.0.0-alpha-6\selenium-chromium-driver-4.0.0-alpha-6.jar;F:\SQA\Tools\selenium-java-4.0.0-alpha-6\selenium-chromium-driver-4.0.0-alpha-6-sources.jar;F:\SQA\Tools\selenium-java-4.0.0-alpha-6\selenium-devtools-4.0.0-alpha-6.jar;F:\SQA\Tools\selenium-java-4.0.0-alpha-6\selenium-devtools-4.0.0-alpha-6-sources.jar;F:\SQA\Tools\selenium-java-4.0.0-alpha-6\selenium-edge-driver-4.0.0-alpha-6.jar;F:\SQA\Tools\selenium-java-4.0.0-alpha-6\selenium-edge-driver-4.0.0-alpha-6-sources.jar;F:\SQA\Tools\selenium-java-4.0.0-alpha-6\selenium-edgehtml-driver-4.0.0-alpha-6.jar;F:\SQA\Tools\selenium-java-4.0.0-alpha-6\selenium-edgehtml-driver-4.0.0-alpha-6-sources.jar;F:\SQA\Tools\selenium-java-4.0.0-alpha-6\selenium-firefox-driver-4.0.0-alpha-6.jar;F:\SQA\Tools\selenium-java-4.0.0-alpha-6\selenium-firefox-driver-4.0.0-alpha-6-sources.jar;F:\SQA\Tools\selenium-java-4.0.0-alpha-6\selenium-firefox-xpi-driver-4.0.0-alpha-6.jar;F:\SQA\Tools\selenium-java-4.0.0-alpha-6\selenium-firefox-xpi-driver-4.0.0-alpha-6-sources.jar;F:\SQA\Tools\selenium-java-4.0.0-alpha-6\selenium-http-4.0.0-alpha-6.jar;F:\SQA\Tools\selenium-java-4.0.0-alpha-6\selenium-http-4.0.0-alpha-6-sources.jar;F:\SQA\Tools\selenium-java-4.0.0-alpha-6\selenium-ie-driver-4.0.0-alpha-6.jar;F:\SQA\Tools\selenium-java-4.0.0-alpha-6\selenium-ie-driver-4.0.0-alpha-6-sources.jar;F:\SQA\Tools\selenium-java-4.0.0-alpha-6\selenium-java-4.0.0-alpha-6.jar;F:\SQA\Tools\selenium-java-4.0.0-alpha-6\selenium-java-4.0.0-alpha-6-sources.jar;F:\SQA\Tools\selenium-java-4.0.0-alpha-6\selenium-json-4.0.0-alpha-6.jar;F:\SQA\Tools\selenium-java-4.0.0-alph
Launcher Type: SUN_STANDARD

Environment Variables:
JAVA_HOME=C:\Program Files\Java\jdk1.8.0_261
PATH=C:/Users/rashe/.p2/pool/plugins/org.eclipse.justj.openjdk.hotspot.jre.full.win32.x86_64_14.0.2.v20200815-0932/jre/bin/server;C:/Users/rashe/.p2/pool/plugins/org.eclipse.justj.openjdk.hotspot.jre.full.win32.x86_64_14.0.2.v20200815-0932/jre/bin;C:\Program Files (x86)\Intel\Intel(R) Management Engine Components\iCLS\;C:\Program Files\Intel\Intel(R) Management Engine Components\iCLS\;C:\Windows\system32;C:\Windows;C:\Windows\System32\Wbem;C:\Windows\System32\WindowsPowerShell\v1.0\;C:\Windows\System32\OpenSSH\;C:\Program Files (x86)\NVIDIA Corporation\PhysX\Common;C:\Program Files (x86)\Intel\Intel(R) Management Engine Components\DAL;C:\Program Files\Intel\Intel(R) Management Engine Components\DAL;C:\Program Files (x86)\Intel\Intel(R) Management Engine Components\IPT;C:\Program Files\Intel\Intel(R) Management Engine Components\IPT;C:\WINDOWS\system32;C:\WINDOWS;C:\WINDOWS\System32\Wbem;C:\WINDOWS\System32\WindowsPowerShell\v1.0\;C:\WINDOWS\System32\OpenSSH\;C:\Program Files\NVIDIA Corporation\NVIDIA NvDLISR;C:\Program Files\dotnet\;C:\Program Files\Microsoft SQL Server\130\Tools\Binn\;C:\Program Files\Microsoft SQL Server\Client SDK\ODBC\170\Tools\Binn\;C:\Program Files (x86)\Microsoft SQL Server\150\Tools\Binn\;C:\Program Files\Microsoft SQL Server\150\Tools\Binn\;C:\Program Files\Microsoft SQL Server\150\DTS\Binn\;C:\Program Files (x86)\Microsoft SQL Server\150\DTS\Binn\;C:\Program Files\Java\jdk1.8.0_261\bin;C:\Users\rashe\AppData\Local\Microsoft\WindowsApps;C:\Users\rashe\.dotnet\tools;C:\Users\rashe\Desktop;
USERNAME=rashe
OS=Windows_NT
PROCESSOR_IDENTIFIER=Intel64 Family 6 Model 142 Stepping 10, GenuineIntel



---------------  S Y S T E M  ---------------

OS: Windows 10.0 , 64 bit Build 18362 (10.0.18362.1082)

CPU:total 8 (initial active 8) (4 cores per cpu, 2 threads per core) family 6 model 142 stepping 10, cmov, cx8, fxsr, mmx, sse, sse2, sse3, ssse3, sse4.1, sse4.2, popcnt, avx, avx2, aes, clmul, erms, 3dnowpref, lzcnt, ht, tsc, tscinvbit, bmi1, bmi2, adx

Memory: 4k page, physical 8268472k(1273488k free), swap 23759840k(2112k free)

vm_info: Java HotSpot(TM) 64-Bit Server VM (25.261-b12) for windows-amd64 JRE (1.8.0_261-b12), built on Jun 18 2020 06:56:32 by "" with unknown MS VC++:1916

time: Tue Sep 29 01:11:39 2020
timezone: Bangladesh Standard Time
elapsed time: 6 seconds (0d 0h 0m 6s)

